{"meta": {"format": 2, "version": "7.4.4", "timestamp": "2025-12-25T16:38:01.566677", "branch_coverage": false, "show_contexts": false}, "files": {"v2/__init__.py": {"executed_lines": [1, 19, 22, 33, 35], "summary": {"covered_lines": 4, "num_statements": 4, "percent_covered": 100.0, "percent_covered_display": "100", "missing_lines": 0, "excluded_lines": 0}, "missing_lines": [], "excluded_lines": []}, "v2/agents/__init__.py": {"executed_lines": [1, 3, 4, 5, 6, 7, 9], "summary": {"covered_lines": 6, "num_statements": 6, "percent_covered": 100.0, "percent_covered_display": "100", "missing_lines": 0, "excluded_lines": 0}, "missing_lines": [], "excluded_lines": []}, "v2/agents/buffers/__init__.py": {"executed_lines": [1, 3, 4, 6], "summary": {"covered_lines": 3, "num_statements": 3, "percent_covered": 100.0, "percent_covered_display": "100", "missing_lines": 0, "excluded_lines": 0}, "missing_lines": [], "excluded_lines": []}, "v2/agents/buffers/prioritized.py": {"executed_lines": [1, 2, 4, 6, 8, 11, 12, 14, 56, 80, 122, 132], "summary": {"covered_lines": 10, "num_statements": 68, "percent_covered": 14.705882352941176, "percent_covered_display": "15", "missing_lines": 58, "excluded_lines": 0}, "missing_lines": [30, 38, 39, 40, 41, 42, 43, 44, 45, 46, 47, 48, 49, 50, 51, 53, 54, 67, 68, 77, 78, 81, 82, 83, 84, 86, 87, 88, 89, 91, 92, 93, 94, 95, 96, 98, 99, 105, 106, 107, 108, 109, 110, 111, 113, 114, 115, 116, 117, 119, 120, 123, 124, 125, 126, 127, 128, 129], "excluded_lines": []}, "v2/agents/buffers/replay.py": {"executed_lines": [1, 2, 4, 5, 7, 10, 11, 12, 13, 14, 15, 16, 17, 20, 21, 23, 63, 66, 98], "summary": {"covered_lines": 16, "num_statements": 67, "percent_covered": 23.880597014925375, "percent_covered_display": "24", "missing_lines": 51, "excluded_lines": 2}, "missing_lines": [33, 34, 36, 37, 38, 39, 40, 41, 43, 44, 45, 46, 48, 49, 51, 53, 54, 56, 58, 60, 61, 77, 78, 79, 80, 81, 82, 84, 85, 86, 87, 89, 90, 91, 93, 95, 96, 99, 100, 101, 102, 104, 105, 111, 112, 113, 114, 115, 116, 117, 118], "excluded_lines": [63, 64]}, "v2/agents/common/__init__.py": {"executed_lines": [1, 3, 15], "summary": {"covered_lines": 2, "num_statements": 2, "percent_covered": 100.0, "percent_covered_display": "100", "missing_lines": 0, "excluded_lines": 0}, "missing_lines": [], "excluded_lines": []}, "v2/agents/common/discrete.py": {"executed_lines": [1, 2, 4, 5, 7, 8, 9, 11, 14, 15, 16, 18, 19, 20, 21, 22, 23, 24, 25, 26, 29, 30, 31, 33, 34, 35, 36, 37, 38, 39, 42, 43, 45, 101, 122, 125, 132, 137, 141, 155, 163, 187, 188, 190, 222, 225, 234, 250, 272, 273, 275, 289, 314, 338, 353, 394, 428, 474, 532, 571, 592], "summary": {"covered_lines": 55, "num_statements": 311, "percent_covered": 17.684887459807072, "percent_covered_display": "18", "missing_lines": 256, "excluded_lines": 0}, "missing_lines": [55, 56, 57, 58, 59, 60, 61, 70, 71, 72, 73, 74, 75, 76, 77, 78, 79, 86, 87, 88, 89, 90, 91, 92, 93, 94, 95, 96, 111, 112, 113, 114, 115, 116, 117, 118, 119, 120, 123, 126, 127, 128, 129, 130, 133, 134, 135, 138, 139, 142, 143, 144, 145, 146, 147, 148, 150, 158, 159, 160, 161, 172, 173, 174, 175, 176, 200, 208, 209, 210, 211, 212, 213, 214, 215, 216, 217, 223, 226, 227, 228, 229, 230, 231, 232, 235, 236, 237, 238, 240, 241, 242, 244, 245, 246, 247, 248, 251, 252, 253, 254, 255, 256, 257, 258, 259, 260, 261, 262, 263, 264, 265, 267, 268, 269, 276, 277, 278, 279, 280, 281, 282, 283, 284, 292, 293, 295, 296, 300, 301, 302, 308, 309, 321, 322, 325, 326, 327, 328, 330, 331, 333, 334, 335, 343, 344, 345, 346, 347, 348, 349, 350, 357, 358, 360, 361, 362, 363, 364, 365, 366, 368, 369, 370, 371, 372, 374, 375, 377, 378, 379, 381, 398, 399, 401, 402, 403, 404, 405, 406, 408, 409, 410, 411, 412, 414, 415, 417, 440, 441, 443, 444, 445, 446, 447, 455, 464, 471, 482, 483, 484, 485, 486, 488, 489, 490, 492, 493, 494, 496, 498, 499, 500, 501, 502, 503, 505, 506, 507, 508, 509, 510, 512, 513, 514, 516, 517, 519, 539, 540, 541, 542, 543, 544, 545, 546, 547, 549, 550, 551, 553, 554, 555, 557, 558, 560, 578, 579, 581, 582, 583, 585, 586, 587, 588, 589], "excluded_lines": []}, "v2/agents/common/networks.py": {"executed_lines": [1, 6, 8, 10, 11, 14, 54, 79], "summary": {"covered_lines": 7, "num_statements": 21, "percent_covered": 33.333333333333336, "percent_covered_display": "33", "missing_lines": 14, "excluded_lines": 0}, "missing_lines": [42, 43, 44, 45, 46, 47, 48, 49, 50, 51, 75, 76, 95, 96], "excluded_lines": []}, "v2/agents/dqn/dqn.py": {"executed_lines": [1, 2, 4, 6, 7, 8, 9, 16, 17, 18, 21, 22, 55, 58, 69, 99, 168, 171, 175, 190, 214], "summary": {"covered_lines": 20, "num_statements": 118, "percent_covered": 16.949152542372882, "percent_covered_display": "17", "missing_lines": 98, "excluded_lines": 1}, "missing_lines": [23, 24, 32, 33, 34, 35, 36, 38, 39, 40, 41, 42, 43, 51, 56, 59, 60, 61, 63, 64, 65, 66, 67, 78, 79, 80, 89, 90, 91, 92, 93, 95, 100, 101, 103, 104, 105, 106, 107, 108, 109, 110, 112, 113, 115, 116, 117, 118, 119, 120, 122, 123, 127, 129, 130, 131, 132, 133, 134, 136, 138, 139, 140, 141, 142, 143, 144, 145, 157, 158, 159, 160, 161, 162, 163, 164, 169, 172, 173, 176, 186, 187, 188, 197, 198, 199, 203, 204, 205, 206, 207, 208, 209, 210, 211, 212, 216, 218], "excluded_lines": [13]}, "v2/agents/dqn/net.py": {"executed_lines": [1, 2, 4, 6, 9, 10, 21], "summary": {"covered_lines": 5, "num_statements": 14, "percent_covered": 35.714285714285715, "percent_covered_display": "36", "missing_lines": 9, "excluded_lines": 2}, "missing_lines": [11, 12, 13, 14, 15, 16, 17, 18, 19], "excluded_lines": [21, 22]}, "v2/agents/gap_follow.py": {"executed_lines": [], "summary": {"covered_lines": 0, "num_statements": 383, "percent_covered": 0.0, "percent_covered_display": "0", "missing_lines": 383, "excluded_lines": 0}, "missing_lines": [1, 3, 5, 6, 46, 84, 85, 86, 87, 88, 89, 90, 91, 92, 93, 94, 95, 96, 97, 98, 99, 100, 101, 102, 103, 104, 105, 106, 107, 108, 109, 110, 111, 112, 113, 114, 115, 116, 117, 118, 119, 120, 121, 122, 123, 124, 128, 130, 131, 132, 133, 134, 135, 136, 137, 138, 139, 140, 141, 142, 143, 144, 145, 146, 147, 148, 149, 150, 151, 152, 153, 155, 156, 157, 158, 160, 161, 163, 164, 165, 166, 168, 169, 170, 171, 172, 174, 175, 176, 178, 180, 181, 182, 183, 184, 185, 186, 187, 188, 190, 191, 192, 193, 194, 195, 196, 197, 199, 201, 202, 203, 204, 205, 206, 207, 208, 209, 210, 212, 214, 215, 216, 217, 218, 219, 221, 223, 224, 225, 226, 227, 228, 229, 230, 231, 232, 233, 234, 236, 237, 238, 239, 240, 241, 242, 243, 244, 245, 246, 247, 248, 249, 250, 252, 253, 254, 255, 256, 257, 258, 259, 260, 262, 263, 264, 265, 266, 267, 268, 269, 270, 271, 272, 273, 274, 275, 276, 277, 283, 285, 287, 288, 289, 290, 291, 292, 293, 294, 296, 297, 299, 300, 301, 302, 304, 305, 306, 307, 309, 310, 312, 315, 316, 317, 318, 319, 321, 322, 323, 325, 326, 327, 330, 331, 332, 333, 334, 335, 336, 337, 338, 339, 340, 341, 345, 346, 347, 348, 349, 351, 354, 355, 356, 357, 360, 361, 364, 365, 366, 367, 368, 371, 372, 373, 375, 376, 377, 378, 380, 381, 382, 383, 384, 386, 387, 388, 389, 390, 391, 392, 393, 394, 396, 397, 398, 399, 400, 401, 402, 403, 404, 405, 407, 408, 409, 410, 412, 413, 414, 415, 416, 418, 419, 420, 421, 422, 423, 424, 426, 427, 431, 432, 433, 434, 435, 436, 437, 438, 439, 440, 441, 442, 443, 445, 446, 447, 448, 449, 450, 451, 452, 453, 454, 455, 456, 457, 458, 460, 461, 462, 463, 464, 465, 466, 468, 469, 470, 471, 472, 473, 474, 475, 476, 477, 478, 479, 480, 482, 490, 491, 492, 493, 494, 495, 496, 497, 498, 500, 501, 502, 503, 505, 506, 507, 508, 509, 510, 512, 513, 517, 519, 521, 529, 530, 531, 532, 533, 534, 535, 536, 537, 538, 539, 540, 542, 543, 544, 545, 546, 547, 548, 549, 550], "excluded_lines": []}, "v2/agents/ppo/__init__.py": {"executed_lines": [0], "summary": {"covered_lines": 0, "num_statements": 0, "percent_covered": 100.0, "percent_covered_display": "100", "missing_lines": 0, "excluded_lines": 0}, "missing_lines": [], "excluded_lines": []}, "v2/agents/ppo/base.py": {"executed_lines": [1, 3, 5, 6, 8, 9, 10, 13, 14, 15, 16, 17, 18, 19, 20, 22, 34, 35, 37, 75, 90, 102, 108, 192, 195, 203, 206, 207, 210, 211, 217, 253], "summary": {"covered_lines": 29, "num_statements": 164, "percent_covered": 17.682926829268293, "percent_covered_display": "18", "missing_lines": 135, "excluded_lines": 2}, "missing_lines": [23, 24, 25, 26, 27, 28, 29, 30, 31, 38, 39, 41, 42, 43, 44, 45, 46, 47, 48, 50, 51, 52, 61, 62, 63, 64, 66, 67, 68, 70, 76, 77, 78, 79, 80, 81, 82, 83, 84, 85, 86, 87, 88, 91, 92, 93, 94, 95, 96, 97, 98, 99, 100, 109, 110, 111, 112, 113, 115, 116, 121, 122, 123, 124, 125, 130, 131, 133, 134, 135, 136, 137, 138, 139, 140, 141, 142, 143, 144, 145, 146, 147, 148, 150, 151, 153, 154, 156, 157, 158, 159, 160, 161, 162, 163, 164, 165, 166, 167, 168, 169, 171, 172, 173, 174, 176, 178, 179, 180, 181, 182, 183, 184, 185, 186, 187, 193, 198, 204, 208, 212, 228, 229, 231, 232, 233, 235, 236, 237, 238, 240, 241, 242, 244, 245], "excluded_lines": [102, 103]}, "v2/agents/ppo/net.py": {"executed_lines": [1, 2, 3, 5, 6, 17, 25, 26, 36], "summary": {"covered_lines": 9, "num_statements": 34, "percent_covered": 26.470588235294116, "percent_covered_display": "26", "missing_lines": 25, "excluded_lines": 0}, "missing_lines": [7, 8, 9, 10, 11, 12, 13, 14, 15, 18, 19, 20, 21, 22, 27, 28, 29, 30, 31, 32, 33, 34, 37, 38, 39], "excluded_lines": []}, "v2/agents/ppo/ppo.py": {"executed_lines": [1, 2, 3, 4, 5, 12, 13, 14, 17, 18, 53, 56, 72, 96, 107, 110, 122, 225, 237], "summary": {"covered_lines": 19, "num_statements": 150, "percent_covered": 12.666666666666666, "percent_covered_display": "13", "missing_lines": 131, "excluded_lines": 1}, "missing_lines": [19, 20, 21, 22, 24, 25, 26, 27, 28, 29, 30, 31, 32, 33, 34, 39, 42, 43, 46, 47, 54, 67, 68, 70, 74, 75, 76, 77, 78, 79, 80, 81, 82, 84, 85, 86, 88, 89, 90, 91, 92, 94, 97, 98, 99, 100, 101, 102, 103, 104, 105, 108, 111, 112, 113, 114, 115, 116, 127, 128, 130, 131, 132, 134, 137, 138, 139, 140, 141, 144, 145, 148, 149, 150, 151, 152, 153, 154, 155, 156, 157, 158, 159, 160, 162, 163, 164, 165, 166, 168, 169, 170, 171, 172, 173, 175, 185, 187, 188, 189, 190, 191, 192, 194, 195, 196, 197, 198, 199, 200, 201, 202, 203, 204, 205, 206, 208, 210, 211, 213, 214, 216, 226, 227, 238, 239, 240, 241, 242, 243, 244], "excluded_lines": [9]}, "v2/agents/ppo/rec_ppo.py": {"executed_lines": [1, 3, 5, 6, 8, 9, 10, 11, 13, 14, 17, 23, 24, 98, 102, 105, 113, 114, 119, 120, 127, 130, 133, 146, 159, 162, 178, 203, 213, 223, 234, 237, 245, 281, 295, 306, 412, 429, 445], "summary": {"covered_lines": 38, "num_statements": 289, "percent_covered": 13.14878892733564, "percent_covered_display": "13", "missing_lines": 251, "excluded_lines": 0}, "missing_lines": [18, 19, 20, 25, 26, 27, 29, 30, 31, 32, 33, 34, 35, 36, 37, 38, 39, 40, 42, 43, 44, 45, 46, 48, 49, 50, 52, 55, 56, 63, 64, 67, 68, 75, 77, 78, 80, 81, 84, 85, 86, 87, 88, 89, 92, 99, 100, 103, 106, 107, 108, 109, 110, 111, 115, 116, 117, 121, 122, 123, 124, 125, 128, 131, 134, 135, 136, 137, 138, 139, 140, 141, 142, 143, 144, 147, 148, 149, 150, 151, 152, 153, 154, 155, 156, 157, 160, 173, 174, 176, 180, 181, 183, 184, 185, 186, 187, 188, 190, 191, 193, 195, 196, 197, 198, 199, 201, 204, 205, 207, 208, 209, 210, 211, 221, 224, 225, 226, 227, 228, 235, 238, 239, 240, 241, 242, 243, 246, 248, 250, 251, 253, 254, 256, 257, 258, 259, 260, 261, 262, 263, 264, 265, 266, 267, 268, 269, 278, 279, 283, 284, 285, 286, 287, 288, 289, 290, 291, 292, 293, 296, 297, 298, 299, 300, 301, 302, 303, 304, 307, 308, 310, 311, 312, 313, 314, 315, 318, 319, 320, 322, 323, 325, 327, 328, 329, 330, 332, 333, 334, 335, 336, 337, 339, 340, 341, 343, 344, 345, 346, 348, 349, 350, 351, 352, 353, 355, 356, 357, 358, 359, 369, 370, 371, 372, 374, 375, 376, 377, 379, 381, 382, 383, 385, 386, 387, 389, 390, 392, 393, 394, 395, 397, 404, 405, 406, 413, 430, 431, 432, 433, 434, 435, 436, 437, 438, 439, 440, 441, 442, 443], "excluded_lines": []}, "v2/agents/rainbow/__init__.py": {"executed_lines": [1, 3, 5, 6, 8], "summary": {"covered_lines": 4, "num_statements": 4, "percent_covered": 100.0, "percent_covered_display": "100", "missing_lines": 0, "excluded_lines": 0}, "missing_lines": [], "excluded_lines": []}, "v2/agents/rainbow/r_dqn.py": {"executed_lines": [1, 3, 5, 6, 8, 9, 10, 12, 13, 14, 17, 28, 29, 31, 108, 111, 139, 172, 203, 288, 311, 351, 370, 390, 410, 418, 453, 455], "summary": {"covered_lines": 26, "num_statements": 243, "percent_covered": 10.699588477366255, "percent_covered_display": "11", "missing_lines": 217, "excluded_lines": 0}, "missing_lines": [32, 33, 34, 42, 43, 44, 45, 46, 47, 48, 49, 50, 51, 53, 54, 64, 74, 75, 76, 78, 79, 81, 83, 84, 85, 86, 90, 91, 92, 93, 102, 103, 104, 109, 112, 113, 114, 115, 116, 117, 118, 119, 120, 121, 122, 123, 124, 126, 127, 128, 130, 131, 133, 134, 135, 136, 137, 148, 149, 151, 152, 153, 163, 164, 166, 167, 168, 169, 170, 181, 182, 183, 184, 186, 187, 188, 198, 199, 204, 205, 207, 208, 209, 210, 211, 212, 213, 214, 215, 217, 219, 220, 221, 223, 224, 225, 226, 227, 229, 230, 231, 232, 233, 235, 236, 237, 238, 239, 242, 248, 250, 251, 253, 254, 255, 256, 257, 258, 260, 261, 262, 264, 265, 266, 277, 278, 279, 280, 281, 282, 283, 284, 289, 312, 313, 314, 315, 322, 323, 324, 325, 326, 331, 332, 333, 334, 335, 336, 337, 338, 339, 340, 341, 342, 343, 344, 345, 346, 347, 348, 349, 352, 353, 354, 355, 356, 357, 358, 359, 368, 371, 372, 373, 374, 375, 376, 377, 378, 379, 380, 394, 395, 396, 397, 398, 399, 400, 401, 402, 403, 404, 405, 406, 407, 408, 411, 412, 413, 414, 415, 416, 425, 426, 427, 428, 429, 430, 431, 432, 433, 435, 436, 437, 442, 447, 448, 449], "excluded_lines": []}, "v2/agents/rainbow/r_dqn_net.py": {"executed_lines": [1, 3, 5, 6, 8, 9, 10, 13, 14, 16, 37, 47, 53, 54, 58, 68, 69, 71, 112, 119, 125, 136, 141, 146], "summary": {"covered_lines": 21, "num_statements": 105, "percent_covered": 20.0, "percent_covered_display": "20", "missing_lines": 84, "excluded_lines": 0}, "missing_lines": [17, 18, 19, 21, 22, 23, 25, 26, 27, 28, 30, 31, 32, 34, 35, 38, 39, 40, 42, 43, 44, 45, 48, 49, 50, 51, 55, 56, 59, 60, 61, 63, 64, 65, 83, 84, 85, 86, 87, 89, 90, 91, 92, 93, 94, 96, 97, 98, 100, 101, 102, 103, 104, 106, 107, 109, 110, 113, 114, 115, 116, 117, 120, 121, 122, 123, 126, 127, 128, 129, 131, 132, 133, 134, 138, 139, 143, 144, 152, 153, 154, 155, 156, 157], "excluded_lines": []}, "v2/agents/sac/__init__.py": {"executed_lines": [1, 3, 5], "summary": {"covered_lines": 2, "num_statements": 2, "percent_covered": 100.0, "percent_covered_display": "100", "missing_lines": 0, "excluded_lines": 0}, "missing_lines": [], "excluded_lines": []}, "v2/agents/sac/net.py": {"executed_lines": [1, 3, 5, 6, 8, 11, 12, 14, 19, 26, 27, 29, 33], "summary": {"covered_lines": 10, "num_statements": 21, "percent_covered": 47.61904761904762, "percent_covered_display": "48", "missing_lines": 11, "excluded_lines": 0}, "missing_lines": [15, 16, 17, 20, 21, 22, 23, 30, 31, 34, 35], "excluded_lines": []}, "v2/agents/sac/sac.py": {"executed_lines": [1, 3, 5, 7, 8, 9, 10, 12, 13, 14, 15, 18, 19, 122, 144, 155, 168, 181, 188, 295, 314, 317, 321, 340, 380, 391, 398], "summary": {"covered_lines": 26, "num_statements": 259, "percent_covered": 10.038610038610038, "percent_covered_display": "10", "missing_lines": 233, "excluded_lines": 0}, "missing_lines": [20, 22, 23, 25, 26, 28, 29, 30, 31, 32, 33, 35, 36, 37, 38, 39, 41, 42, 43, 44, 45, 47, 48, 49, 50, 51, 52, 53, 54, 55, 56, 57, 59, 60, 61, 62, 64, 66, 75, 76, 77, 78, 79, 80, 81, 82, 83, 84, 92, 93, 94, 95, 96, 97, 98, 100, 101, 104, 107, 108, 109, 110, 111, 112, 113, 114, 116, 123, 124, 125, 126, 127, 128, 130, 131, 132, 133, 134, 135, 136, 137, 138, 139, 140, 141, 142, 153, 164, 165, 166, 169, 170, 171, 172, 174, 175, 176, 182, 189, 190, 192, 199, 200, 201, 202, 203, 204, 207, 208, 209, 210, 211, 212, 213, 215, 216, 217, 219, 220, 221, 223, 224, 225, 227, 228, 229, 230, 231, 233, 234, 235, 236, 237, 240, 241, 242, 243, 244, 245, 247, 248, 249, 251, 252, 253, 255, 256, 258, 259, 260, 263, 264, 265, 266, 267, 268, 269, 270, 271, 274, 275, 277, 279, 280, 281, 282, 283, 284, 285, 287, 296, 297, 302, 303, 304, 308, 315, 318, 319, 322, 330, 331, 332, 333, 334, 335, 336, 337, 338, 347, 348, 349, 350, 351, 353, 354, 355, 356, 357, 358, 359, 360, 361, 362, 363, 364, 365, 366, 368, 369, 370, 372, 374, 375, 376, 377, 378, 381, 382, 383, 384, 385, 392, 393, 394, 395, 396, 399, 400, 402, 403, 404, 405], "excluded_lines": []}, "v2/agents/td3/net.py": {"executed_lines": [1, 2, 4, 5, 7, 10, 11, 15, 19, 20, 24], "summary": {"covered_lines": 10, "num_statements": 17, "percent_covered": 58.8235294117647, "percent_covered_display": "59", "missing_lines": 7, "excluded_lines": 0}, "missing_lines": [12, 13, 16, 21, 22, 25, 26], "excluded_lines": []}, "v2/agents/td3/td3.py": {"executed_lines": [1, 2, 4, 6, 7, 8, 9, 10, 17, 18, 19, 20, 23, 24, 125, 141, 155, 159, 170, 185, 265, 305, 341, 342, 347, 367, 384, 435, 438, 442, 468, 471], "summary": {"covered_lines": 31, "num_statements": 276, "percent_covered": 11.231884057971014, "percent_covered_display": "11", "missing_lines": 245, "excluded_lines": 1}, "missing_lines": [25, 26, 28, 29, 31, 32, 33, 34, 36, 37, 38, 39, 40, 41, 43, 44, 46, 52, 59, 60, 62, 63, 64, 65, 66, 67, 68, 69, 70, 73, 76, 77, 78, 79, 80, 81, 82, 84, 85, 94, 95, 96, 97, 98, 99, 100, 101, 102, 103, 111, 112, 113, 114, 115, 116, 117, 118, 119, 121, 126, 127, 128, 129, 130, 132, 133, 134, 135, 136, 137, 138, 139, 143, 144, 145, 146, 148, 149, 150, 157, 168, 179, 180, 181, 186, 187, 189, 196, 197, 198, 199, 200, 201, 203, 205, 206, 210, 211, 212, 217, 218, 219, 220, 222, 223, 224, 225, 228, 230, 231, 232, 233, 235, 236, 237, 238, 240, 241, 242, 243, 245, 246, 247, 249, 251, 252, 253, 254, 255, 256, 257, 259, 273, 274, 275, 276, 277, 279, 280, 281, 282, 283, 284, 285, 286, 287, 289, 290, 291, 292, 293, 294, 295, 296, 297, 298, 299, 300, 301, 303, 310, 311, 312, 313, 314, 316, 317, 318, 319, 320, 321, 322, 323, 324, 325, 326, 327, 328, 329, 330, 331, 332, 333, 334, 335, 336, 337, 338, 339, 343, 344, 345, 348, 349, 354, 355, 356, 360, 370, 379, 380, 381, 382, 393, 401, 402, 403, 404, 405, 406, 407, 408, 409, 410, 411, 412, 414, 416, 417, 418, 419, 420, 421, 422, 424, 425, 428, 429, 430, 431, 432, 433, 436, 439, 440, 445, 451, 457, 461, 469, 472, 473, 474, 475, 476], "excluded_lines": [14]}, "v2/core/__init__.py": {"executed_lines": [1, 9, 16, 17, 25, 33], "summary": {"covered_lines": 5, "num_statements": 5, "percent_covered": 100.0, "percent_covered_display": "100", "missing_lines": 0, "excluded_lines": 0}, "missing_lines": [], "excluded_lines": []}, "v2/core/config.py": {"executed_lines": [1, 2, 3, 4, 7, 21, 50, 51, 54, 56, 57, 64, 66, 67, 90, 91, 97, 99, 100, 101, 105, 106, 107, 108, 112, 113, 114, 118, 119, 120, 124, 125, 126, 130, 131, 132, 133, 139, 142, 143, 145, 146, 175, 176, 178, 179, 197, 198, 215, 216, 234, 235, 263], "summary": {"covered_lines": 49, "num_statements": 122, "percent_covered": 40.16393442622951, "percent_covered_display": "40", "missing_lines": 73, "excluded_lines": 0}, "missing_lines": [16, 17, 18, 31, 34, 36, 38, 39, 40, 41, 43, 44, 45, 47, 80, 81, 82, 87, 88, 93, 102, 103, 109, 110, 115, 116, 121, 122, 127, 128, 134, 135, 155, 158, 168, 169, 170, 172, 189, 190, 192, 194, 195, 208, 209, 213, 226, 227, 229, 231, 232, 251, 252, 254, 255, 257, 258, 260, 278, 279, 282, 283, 286, 287, 288, 291, 292, 294, 295, 296, 299, 300, 302], "excluded_lines": []}, "v2/core/protocol.py": {"executed_lines": [1, 2, 3, 6, 7, 8, 14, 26, 36, 45, 53, 62, 63, 64, 66, 74, 75, 76, 78, 98, 103], "summary": {"covered_lines": 17, "num_statements": 26, "percent_covered": 65.38461538461539, "percent_covered_display": "65", "missing_lines": 9, "excluded_lines": 0}, "missing_lines": [24, 34, 43, 51, 59, 71, 95, 100, 105], "excluded_lines": []}, "v2/core/test_factories.py": {"executed_lines": [1, 2, 3, 4, 7, 9, 12, 13, 15, 19, 69, 112, 154, 226, 246, 269], "summary": {"covered_lines": 14, "num_statements": 149, "percent_covered": 9.395973154362416, "percent_covered_display": "9", "missing_lines": 135, "excluded_lines": 0}, "missing_lines": [16, 17, 21, 22, 23, 24, 26, 28, 35, 37, 38, 41, 50, 52, 53, 56, 57, 58, 60, 62, 63, 64, 65, 66, 67, 71, 72, 73, 74, 76, 78, 85, 87, 88, 89, 90, 93, 94, 95, 96, 97, 98, 99, 100, 103, 105, 106, 107, 108, 109, 110, 114, 115, 116, 117, 119, 121, 126, 129, 133, 135, 136, 139, 140, 142, 143, 145, 147, 148, 149, 150, 151, 152, 156, 157, 158, 159, 161, 163, 164, 165, 168, 170, 191, 192, 193, 196, 198, 199, 200, 201, 202, 205, 206, 209, 210, 211, 212, 214, 215, 217, 219, 220, 221, 222, 223, 224, 228, 229, 230, 232, 239, 240, 241, 243, 244, 248, 249, 250, 252, 253, 254, 256, 257, 258, 261, 262, 263, 265, 266, 270, 271, 272, 275, 276], "excluded_lines": []}, "v2/core/test_protocol_compliance.py": {"executed_lines": [1, 6, 7, 8, 11, 13, 16, 17, 19, 23, 185, 318, 345], "summary": {"covered_lines": 11, "num_statements": 179, "percent_covered": 6.145251396648045, "percent_covered_display": "6", "missing_lines": 168, "excluded_lines": 0}, "missing_lines": [20, 21, 34, 35, 36, 37, 39, 41, 43, 44, 45, 46, 49, 50, 51, 52, 55, 56, 57, 58, 59, 60, 61, 64, 65, 66, 67, 68, 69, 70, 71, 72, 73, 74, 76, 77, 78, 79, 80, 81, 82, 83, 84, 87, 89, 90, 91, 92, 93, 94, 95, 96, 97, 100, 101, 102, 103, 104, 105, 106, 107, 108, 110, 112, 113, 114, 115, 116, 117, 118, 119, 120, 121, 124, 125, 126, 127, 128, 129, 130, 132, 133, 134, 135, 136, 139, 140, 141, 143, 144, 145, 146, 147, 148, 149, 150, 151, 153, 154, 155, 156, 157, 158, 159, 160, 161, 164, 165, 166, 168, 169, 170, 171, 172, 173, 176, 177, 178, 180, 181, 183, 187, 189, 190, 191, 192, 193, 196, 294, 297, 298, 300, 301, 303, 304, 305, 306, 307, 308, 309, 310, 311, 312, 313, 315, 316, 320, 321, 322, 324, 325, 326, 328, 329, 330, 331, 333, 334, 337, 338, 339, 341, 342, 346, 347, 348, 351, 352], "excluded_lines": []}, "v2/core/training.py": {"executed_lines": [1, 2, 3, 4, 6, 9, 10, 16, 51, 75, 159, 160, 162, 182], "summary": {"covered_lines": 11, "num_statements": 107, "percent_covered": 10.280373831775702, "percent_covered_display": "10", "missing_lines": 96, "excluded_lines": 0}, "missing_lines": [37, 38, 39, 40, 41, 42, 43, 46, 57, 59, 60, 63, 64, 67, 68, 70, 71, 73, 84, 85, 86, 87, 89, 90, 92, 94, 95, 96, 97, 100, 103, 104, 105, 106, 107, 108, 111, 112, 114, 116, 117, 120, 121, 124, 125, 128, 129, 132, 133, 134, 135, 136, 137, 140, 141, 142, 143, 144, 145, 148, 149, 150, 156, 177, 178, 179, 180, 188, 189, 191, 192, 193, 194, 195, 197, 198, 199, 200, 201, 202, 204, 206, 207, 208, 209, 211, 212, 214, 215, 217, 218, 219, 222, 223, 224, 231], "excluded_lines": []}, "v2/core/utils.py": {"executed_lines": [1, 2, 3, 4, 5, 6, 7, 10, 57, 91, 92, 94, 110, 130, 146, 150, 172, 187], "summary": {"covered_lines": 16, "num_statements": 96, "percent_covered": 16.666666666666668, "percent_covered_display": "17", "missing_lines": 80, "excluded_lines": 0}, "missing_lines": [29, 30, 33, 34, 35, 38, 39, 40, 43, 50, 51, 52, 54, 70, 72, 73, 76, 77, 78, 81, 82, 83, 84, 86, 88, 101, 102, 103, 105, 106, 107, 108, 118, 119, 122, 123, 124, 127, 128, 132, 135, 136, 137, 138, 139, 142, 143, 144, 148, 152, 153, 156, 157, 158, 160, 161, 162, 163, 164, 165, 166, 167, 169, 178, 179, 180, 181, 182, 183, 184, 197, 200, 201, 202, 205, 206, 207, 209, 210, 212], "excluded_lines": []}, "v2/env/__init__.py": {"executed_lines": [2], "summary": {"covered_lines": 1, "num_statements": 1, "percent_covered": 100.0, "percent_covered_display": "100", "missing_lines": 0, "excluded_lines": 0}, "missing_lines": [], "excluded_lines": []}, "v2/env/collision.py": {"executed_lines": [1, 2, 4, 6, 9], "summary": {"covered_lines": 4, "num_statements": 12, "percent_covered": 33.333333333333336, "percent_covered_display": "33", "missing_lines": 8, "excluded_lines": 0}, "missing_lines": [15, 16, 17, 18, 19, 20, 21, 22], "excluded_lines": []}, "v2/env/f110ParallelEnv.py": {"executed_lines": [1, 2, 3, 4, 5, 6, 7, 9, 12, 13, 14, 15, 16, 17, 20, 45, 46, 47, 48, 49, 52, 53, 54, 55, 58, 63, 64, 66, 68, 77, 79, 82, 317, 363, 382, 395, 396, 402, 432, 444, 486, 487, 522, 566, 569, 572, 647, 709, 735, 751, 793, 860, 882, 899, 940, 995, 1062, 1069, 1134, 1192, 1253, 1261, 1270, 1314, 1323, 1355, 1359, 1476, 1482, 1485, 1486, 1502, 1503, 1532, 1558, 1569, 1582, 1594, 1599, 1677, 1691, 1712, 1718, 1744], "summary": {"covered_lines": 84, "num_statements": 1308, "percent_covered": 6.422018348623853, "percent_covered_display": "6", "missing_lines": 1224, "excluded_lines": 0}, "missing_lines": [22, 83, 84, 85, 87, 88, 90, 91, 93, 94, 96, 98, 99, 100, 101, 102, 104, 106, 107, 109, 110, 113, 115, 118, 122, 123, 124, 125, 126, 127, 128, 129, 131, 132, 135, 136, 141, 142, 145, 155, 156, 158, 159, 160, 161, 162, 163, 164, 165, 166, 167, 168, 170, 171, 172, 173, 174, 175, 176, 178, 179, 180, 181, 183, 184, 186, 187, 188, 189, 190, 191, 193, 196, 197, 198, 199, 200, 201, 202, 203, 204, 205, 206, 207, 208, 209, 210, 211, 212, 216, 218, 219, 220, 221, 223, 224, 225, 226, 227, 228, 229, 230, 231, 232, 233, 234, 235, 236, 237, 238, 239, 240, 242, 243, 244, 245, 246, 247, 248, 249, 250, 254, 258, 266, 267, 268, 269, 270, 272, 273, 274, 275, 276, 277, 278, 279, 280, 281, 282, 283, 284, 285, 286, 287, 288, 289, 290, 291, 292, 293, 294, 295, 296, 297, 298, 299, 300, 301, 302, 303, 304, 305, 306, 308, 313, 318, 319, 320, 321, 322, 323, 324, 326, 327, 328, 330, 331, 332, 334, 335, 336, 338, 339, 340, 342, 343, 344, 346, 347, 348, 351, 352, 353, 354, 355, 356, 357, 358, 360, 361, 364, 365, 366, 367, 368, 377, 378, 379, 380, 383, 384, 385, 387, 388, 389, 390, 391, 392, 393, 397, 398, 399, 400, 403, 404, 405, 406, 407, 409, 411, 412, 413, 414, 415, 417, 419, 420, 421, 422, 424, 425, 426, 427, 429, 430, 433, 434, 435, 436, 437, 438, 439, 440, 441, 442, 449, 450, 451, 452, 453, 454, 455, 456, 458, 459, 460, 461, 462, 463, 464, 465, 467, 468, 469, 470, 471, 473, 475, 476, 477, 478, 479, 481, 482, 484, 491, 492, 493, 494, 495, 496, 497, 498, 499, 500, 502, 503, 504, 506, 507, 508, 509, 510, 512, 514, 515, 516, 517, 518, 519, 520, 523, 524, 526, 527, 528, 529, 531, 532, 534, 535, 536, 537, 539, 540, 541, 543, 545, 546, 547, 548, 549, 550, 551, 552, 553, 555, 556, 557, 558, 560, 561, 563, 564, 567, 570, 573, 574, 575, 577, 578, 579, 580, 581, 594, 595, 596, 597, 598, 599, 600, 601, 602, 603, 604, 605, 606, 607, 608, 609, 610, 611, 613, 614, 615, 616, 617, 618, 619, 620, 621, 622, 623, 624, 625, 626, 627, 628, 629, 630, 632, 633, 634, 635, 636, 637, 638, 639, 640, 641, 642, 643, 645, 648, 649, 650, 651, 652, 653, 655, 656, 657, 659, 660, 662, 663, 664, 666, 667, 669, 670, 672, 673, 674, 675, 676, 678, 679, 681, 682, 683, 684, 686, 688, 689, 690, 691, 692, 693, 694, 695, 697, 699, 719, 720, 721, 722, 723, 724, 725, 730, 731, 732, 733, 736, 737, 738, 739, 740, 741, 742, 743, 744, 745, 746, 747, 748, 749, 759, 760, 761, 763, 764, 765, 766, 767, 768, 769, 771, 772, 773, 774, 775, 776, 778, 779, 790, 791, 794, 795, 796, 797, 798, 799, 800, 801, 802, 804, 813, 814, 815, 816, 817, 818, 819, 820, 821, 822, 823, 824, 825, 826, 827, 828, 829, 830, 831, 832, 833, 834, 835, 836, 837, 838, 839, 840, 841, 842, 843, 844, 845, 846, 847, 848, 849, 850, 852, 853, 854, 855, 856, 857, 858, 861, 862, 864, 865, 866, 868, 869, 870, 871, 872, 874, 875, 876, 877, 878, 879, 880, 883, 884, 885, 886, 887, 888, 889, 890, 891, 892, 894, 895, 896, 897, 900, 901, 903, 904, 905, 906, 916, 917, 918, 919, 920, 921, 923, 924, 926, 927, 928, 930, 931, 932, 933, 934, 935, 936, 937, 938, 950, 951, 952, 953, 954, 955, 956, 957, 958, 960, 961, 962, 963, 964, 965, 966, 968, 969, 970, 971, 972, 973, 974, 976, 977, 978, 979, 980, 981, 982, 983, 985, 986, 987, 988, 989, 990, 991, 992, 993, 1006, 1007, 1008, 1009, 1010, 1012, 1013, 1014, 1015, 1016, 1017, 1018, 1019, 1020, 1021, 1022, 1023, 1025, 1026, 1027, 1028, 1029, 1030, 1031, 1032, 1033, 1035, 1036, 1037, 1038, 1039, 1040, 1041, 1042, 1044, 1045, 1046, 1047, 1048, 1049, 1050, 1051, 1053, 1054, 1055, 1056, 1057, 1058, 1059, 1060, 1063, 1064, 1065, 1066, 1067, 1070, 1071, 1072, 1073, 1074, 1075, 1076, 1077, 1078, 1079, 1080, 1081, 1082, 1083, 1084, 1085, 1086, 1087, 1088, 1089, 1090, 1091, 1092, 1093, 1094, 1095, 1096, 1098, 1099, 1100, 1101, 1102, 1103, 1104, 1106, 1107, 1108, 1109, 1110, 1111, 1112, 1113, 1114, 1115, 1119, 1120, 1121, 1122, 1123, 1124, 1126, 1127, 1128, 1129, 1130, 1131, 1132, 1136, 1137, 1138, 1139, 1140, 1143, 1144, 1145, 1146, 1147, 1148, 1150, 1151, 1159, 1160, 1161, 1162, 1164, 1167, 1168, 1175, 1176, 1177, 1178, 1179, 1180, 1181, 1184, 1185, 1187, 1193, 1194, 1195, 1196, 1197, 1198, 1199, 1200, 1201, 1202, 1203, 1204, 1205, 1206, 1207, 1208, 1209, 1210, 1211, 1212, 1213, 1214, 1215, 1216, 1217, 1218, 1219, 1220, 1221, 1222, 1223, 1224, 1225, 1226, 1227, 1228, 1229, 1230, 1231, 1232, 1233, 1234, 1235, 1236, 1237, 1238, 1239, 1240, 1254, 1255, 1256, 1257, 1258, 1259, 1262, 1263, 1264, 1265, 1266, 1267, 1268, 1271, 1272, 1278, 1279, 1280, 1281, 1282, 1283, 1284, 1285, 1286, 1287, 1288, 1289, 1290, 1291, 1292, 1293, 1294, 1295, 1296, 1297, 1298, 1299, 1300, 1301, 1302, 1303, 1304, 1308, 1309, 1310, 1311, 1312, 1315, 1316, 1317, 1318, 1319, 1320, 1321, 1324, 1326, 1327, 1328, 1329, 1330, 1331, 1333, 1334, 1336, 1337, 1338, 1340, 1341, 1342, 1344, 1346, 1347, 1353, 1357, 1360, 1362, 1364, 1366, 1368, 1369, 1374, 1382, 1383, 1385, 1387, 1388, 1389, 1395, 1397, 1398, 1399, 1400, 1402, 1403, 1404, 1405, 1406, 1407, 1408, 1415, 1416, 1417, 1418, 1419, 1420, 1421, 1428, 1429, 1430, 1431, 1432, 1433, 1434, 1440, 1441, 1442, 1443, 1444, 1445, 1446, 1452, 1453, 1454, 1455, 1456, 1457, 1458, 1459, 1460, 1462, 1463, 1464, 1466, 1467, 1468, 1469, 1470, 1471, 1472, 1473, 1474, 1477, 1478, 1479, 1480, 1483, 1487, 1488, 1489, 1490, 1491, 1492, 1493, 1494, 1495, 1496, 1497, 1498, 1499, 1500, 1504, 1505, 1506, 1507, 1508, 1509, 1511, 1512, 1513, 1514, 1516, 1517, 1518, 1519, 1520, 1521, 1522, 1523, 1524, 1525, 1526, 1527, 1528, 1529, 1530, 1533, 1534, 1535, 1536, 1537, 1538, 1539, 1540, 1541, 1542, 1543, 1544, 1545, 1546, 1547, 1548, 1549, 1550, 1551, 1552, 1553, 1554, 1555, 1556, 1559, 1560, 1561, 1562, 1567, 1570, 1571, 1572, 1573, 1574, 1575, 1576, 1577, 1578, 1579, 1580, 1583, 1584, 1585, 1587, 1588, 1589, 1590, 1591, 1592, 1595, 1596, 1597, 1600, 1601, 1602, 1603, 1604, 1605, 1607, 1608, 1609, 1611, 1613, 1614, 1615, 1617, 1618, 1619, 1620, 1622, 1623, 1629, 1630, 1631, 1632, 1633, 1634, 1635, 1636, 1642, 1643, 1644, 1645, 1646, 1647, 1648, 1649, 1651, 1658, 1660, 1661, 1663, 1679, 1680, 1681, 1682, 1683, 1684, 1685, 1686, 1687, 1688, 1689, 1692, 1693, 1694, 1695, 1697, 1698, 1699, 1700, 1701, 1702, 1703, 1704, 1705, 1706, 1708, 1709, 1710, 1713, 1714, 1715, 1716, 1720, 1721, 1722, 1723, 1724, 1725, 1726, 1727, 1728, 1729, 1730, 1731, 1732, 1733, 1734, 1736, 1737, 1738, 1739, 1740, 1741, 1745, 1747, 1748, 1749, 1750, 1751, 1752, 1753, 1754, 1756, 1757, 1759, 1761, 1762, 1763, 1764, 1766, 1768, 1769, 1770, 1772, 1773, 1774, 1776, 1777, 1778, 1784, 1786, 1787, 1789, 1790, 1792, 1793, 1794, 1795, 1796, 1797, 1799, 1800, 1801, 1803, 1804, 1805, 1807, 1809, 1810, 1811, 1817, 1819, 1820, 1821, 1823, 1824, 1826, 1827, 1828, 1829, 1831, 1832, 1833, 1835, 1836, 1838, 1840], "excluded_lines": []}, "v2/env/start_pose_state.py": {"executed_lines": [1, 2, 4, 5, 7, 10, 29, 30, 31, 32, 33, 34, 35, 36, 37, 38, 39, 40, 41, 42, 43, 44, 46, 47, 90, 97, 114], "summary": {"covered_lines": 26, "num_statements": 126, "percent_covered": 20.634920634920636, "percent_covered_display": "21", "missing_lines": 100, "excluded_lines": 0}, "missing_lines": [11, 12, 13, 14, 15, 16, 17, 19, 20, 21, 22, 23, 24, 25, 26, 53, 54, 55, 56, 58, 59, 60, 61, 62, 63, 64, 65, 66, 67, 68, 69, 70, 71, 72, 74, 91, 92, 93, 94, 95, 98, 99, 100, 101, 102, 103, 104, 105, 106, 107, 108, 109, 110, 111, 112, 123, 129, 130, 131, 133, 135, 136, 137, 138, 139, 140, 141, 142, 143, 145, 146, 148, 152, 154, 155, 156, 157, 158, 159, 160, 161, 162, 164, 165, 167, 168, 169, 170, 171, 172, 173, 174, 176, 177, 178, 179, 180, 181, 182, 183], "excluded_lines": []}, "v2/env/state_buffer.py": {"executed_lines": [1, 2, 4, 5, 7, 10, 11, 12, 14, 15, 16, 17, 18, 19, 20, 21, 22, 23, 24, 26, 27, 44, 60, 77, 78], "summary": {"covered_lines": 23, "num_statements": 47, "percent_covered": 48.93617021276596, "percent_covered_display": "49", "missing_lines": 24, "excluded_lines": 0}, "missing_lines": [28, 29, 45, 57, 58, 61, 62, 63, 64, 66, 67, 68, 70, 71, 72, 74, 79, 80, 81, 82, 83, 84, 85, 86], "excluded_lines": []}, "v2/examples/__init__.py": {"executed_lines": [], "summary": {"covered_lines": 0, "num_statements": 0, "percent_covered": 100.0, "percent_covered_display": "100", "missing_lines": 0, "excluded_lines": 0}, "missing_lines": [], "excluded_lines": []}, "v2/examples/train_ppo_simple.py": {"executed_lines": [], "summary": {"covered_lines": 0, "num_statements": 46, "percent_covered": 0.0, "percent_covered_display": "0", "missing_lines": 46, "excluded_lines": 0}, "missing_lines": [13, 14, 15, 18, 20, 30, 32, 33, 34, 37, 40, 41, 47, 48, 51, 52, 65, 66, 67, 70, 71, 72, 75, 76, 78, 90, 93, 94, 96, 97, 99, 100, 101, 104, 105, 106, 107, 109, 110, 112, 113, 114, 115, 116, 119, 120], "excluded_lines": []}, "v2/examples/train_td3_simple.py": {"executed_lines": [], "summary": {"covered_lines": 0, "num_statements": 49, "percent_covered": 0.0, "percent_covered_display": "0", "missing_lines": 49, "excluded_lines": 0}, "missing_lines": [8, 9, 10, 13, 15, 25, 27, 28, 29, 32, 35, 36, 42, 43, 46, 47, 64, 65, 66, 69, 70, 71, 74, 75, 77, 89, 92, 93, 94, 95, 96, 98, 99, 101, 102, 103, 106, 107, 108, 109, 111, 112, 114, 115, 116, 117, 118, 121, 122], "excluded_lines": []}, "v2/physics/__init__.py": {"executed_lines": [2, 3, 4, 5, 6], "summary": {"covered_lines": 5, "num_statements": 5, "percent_covered": 100.0, "percent_covered_display": "100", "missing_lines": 0, "excluded_lines": 0}, "missing_lines": [], "excluded_lines": []}, "v2/physics/collision_models.py": {"executed_lines": [25, 31, 32, 34, 35, 51, 52, 67, 68, 81, 82, 95, 96, 113, 114, 184, 185, 214, 218, 219, 243, 244], "summary": {"covered_lines": 22, "num_statements": 119, "percent_covered": 18.48739495798319, "percent_covered_display": "18", "missing_lines": 97, "excluded_lines": 0}, "missing_lines": [45, 46, 47, 48, 62, 63, 64, 78, 92, 108, 109, 110, 125, 126, 128, 129, 131, 133, 134, 136, 137, 139, 140, 142, 144, 145, 146, 147, 148, 149, 150, 152, 154, 155, 156, 157, 158, 159, 160, 162, 163, 164, 165, 167, 169, 170, 172, 173, 174, 175, 176, 178, 179, 181, 182, 196, 197, 199, 200, 202, 203, 204, 206, 207, 208, 209, 210, 212, 220, 221, 222, 224, 225, 227, 230, 231, 232, 234, 235, 236, 238, 239, 241, 245, 247, 248, 251, 252, 253, 254, 255, 257, 259, 260, 261, 262, 264], "excluded_lines": []}, "v2/physics/dynamic_models.py": {"executed_lines": [15, 23, 24, 27, 28, 60, 61, 88, 89, 121, 122, 176, 177], "summary": {"covered_lines": 13, "num_statements": 64, "percent_covered": 20.3125, "percent_covered_display": "20", "missing_lines": 51, "excluded_lines": 0}, "missing_lines": [45, 46, 48, 51, 52, 53, 54, 55, 56, 58, 78, 79, 80, 81, 82, 83, 85, 108, 111, 114, 119, 144, 147, 150, 152, 155, 156, 157, 162, 174, 190, 191, 193, 194, 195, 196, 197, 199, 202, 204, 205, 207, 208, 211, 212, 215, 217, 218, 221, 222, 224], "excluded_lines": []}, "v2/physics/integration.py": {"executed_lines": [1, 2, 5, 6, 7, 10], "summary": {"covered_lines": 5, "num_statements": 5, "percent_covered": 100.0, "percent_covered_display": "100", "missing_lines": 0, "excluded_lines": 0}, "missing_lines": [], "excluded_lines": []}, "v2/physics/laser_models.py": {"executed_lines": [25, 30, 31, 32, 33, 34, 35, 38, 53, 54, 86, 87, 104, 105, 146, 147, 186, 187, 217, 218, 230, 231, 247, 248, 280, 281, 316, 317, 346, 347, 358, 381, 427, 454], "summary": {"covered_lines": 33, "num_statements": 180, "percent_covered": 18.333333333333332, "percent_covered_display": "18", "missing_lines": 147, "excluded_lines": 0}, "missing_lines": [50, 51, 69, 70, 73, 74, 77, 78, 79, 81, 82, 84, 100, 101, 102, 122, 123, 124, 127, 128, 131, 133, 134, 138, 139, 141, 142, 144, 162, 165, 168, 169, 170, 173, 175, 178, 181, 182, 184, 203, 204, 205, 206, 207, 208, 209, 210, 211, 213, 215, 228, 241, 242, 243, 244, 245, 260, 261, 262, 263, 265, 266, 268, 269, 270, 271, 272, 273, 274, 275, 276, 278, 291, 292, 293, 294, 297, 299, 300, 301, 302, 303, 304, 305, 306, 308, 309, 310, 311, 312, 313, 331, 332, 333, 335, 337, 339, 341, 342, 343, 344, 360, 361, 362, 363, 364, 365, 366, 367, 368, 369, 370, 371, 372, 373, 374, 377, 378, 379, 396, 397, 398, 401, 402, 404, 405, 408, 409, 410, 411, 412, 413, 414, 417, 418, 419, 420, 423, 425, 443, 444, 446, 448, 449, 450, 452, 455], "excluded_lines": []}, "v2/physics/simulaton.py": {"executed_lines": [2, 4, 5, 7, 8, 9, 12, 15, 16, 39, 42, 109, 123, 131, 153, 165, 285, 305, 319], "summary": {"covered_lines": 19, "num_statements": 216, "percent_covered": 8.796296296296296, "percent_covered_display": "9", "missing_lines": 197, "excluded_lines": 0}, "missing_lines": [24, 25, 26, 27, 28, 29, 30, 31, 32, 33, 35, 36, 67, 68, 69, 70, 71, 72, 73, 75, 76, 77, 78, 79, 83, 84, 92, 94, 95, 96, 97, 98, 99, 100, 101, 102, 103, 104, 105, 120, 121, 124, 125, 126, 127, 128, 142, 144, 145, 146, 148, 151, 160, 161, 162, 163, 177, 178, 179, 181, 182, 183, 184, 186, 188, 189, 190, 191, 193, 194, 195, 197, 198, 199, 200, 201, 202, 204, 205, 206, 208, 213, 214, 216, 217, 218, 220, 221, 222, 224, 225, 226, 227, 228, 229, 230, 231, 234, 237, 238, 239, 240, 241, 242, 243, 244, 245, 246, 247, 248, 250, 251, 252, 253, 254, 255, 256, 257, 258, 259, 261, 262, 264, 273, 283, 287, 288, 289, 290, 291, 292, 294, 295, 296, 298, 300, 301, 302, 303, 307, 329, 330, 331, 332, 334, 336, 337, 338, 339, 341, 343, 345, 346, 348, 349, 350, 352, 353, 354, 356, 357, 358, 360, 361, 362, 364, 365, 366, 367, 368, 370, 371, 376, 377, 378, 380, 381, 382, 383, 384, 385, 386, 387, 388, 389, 390, 391, 393, 394, 395, 396, 397, 398, 399, 401, 410, 420], "excluded_lines": []}, "v2/physics/vehicle.py": {"executed_lines": [1, 3, 4, 6, 7, 8, 9, 12, 13, 31, 32, 33, 34, 36, 153, 194, 208, 218, 235, 260, 270, 297, 315, 330, 460, 473], "summary": {"covered_lines": 25, "num_statements": 244, "percent_covered": 10.245901639344263, "percent_covered_display": "10", "missing_lines": 219, "excluded_lines": 0}, "missing_lines": [53, 54, 55, 56, 58, 59, 60, 61, 62, 63, 64, 67, 68, 71, 74, 75, 78, 79, 80, 83, 84, 85, 86, 87, 88, 89, 92, 95, 97, 99, 106, 107, 108, 110, 113, 114, 115, 117, 118, 120, 121, 122, 123, 125, 126, 128, 129, 130, 133, 134, 135, 137, 139, 140, 141, 144, 145, 146, 148, 149, 151, 154, 155, 156, 157, 158, 159, 160, 161, 162, 163, 164, 165, 166, 167, 168, 169, 170, 172, 191, 192, 205, 206, 215, 216, 227, 228, 229, 230, 232, 233, 246, 247, 249, 251, 252, 253, 254, 255, 256, 258, 262, 263, 264, 265, 266, 268, 277, 278, 280, 286, 288, 289, 290, 291, 292, 293, 295, 300, 301, 302, 303, 305, 306, 307, 308, 309, 311, 312, 313, 316, 317, 318, 319, 320, 325, 326, 327, 328, 346, 347, 348, 352, 363, 364, 365, 366, 368, 369, 371, 372, 373, 374, 375, 377, 379, 380, 381, 382, 383, 385, 386, 388, 390, 391, 393, 395, 396, 398, 400, 401, 402, 403, 404, 405, 407, 408, 410, 411, 412, 413, 416, 423, 425, 428, 429, 430, 431, 432, 433, 435, 436, 437, 438, 441, 444, 447, 448, 449, 450, 451, 453, 455, 456, 470, 486, 487, 488, 489, 490, 491, 492, 494, 495, 497, 498, 500, 501, 502], "excluded_lines": []}, "v2/render/__init__.py": {"executed_lines": [1, 2], "summary": {"covered_lines": 2, "num_statements": 2, "percent_covered": 100.0, "percent_covered_display": "100", "missing_lines": 0, "excluded_lines": 0}, "missing_lines": [], "excluded_lines": []}, "v2/render/rendering.py": {"executed_lines": [5, 6, 7, 9, 11, 13, 24, 26, 27, 28, 29, 30, 31, 39, 40, 41, 42, 43, 44, 45, 49, 50, 53, 54, 57, 58, 61, 62, 70, 71, 72, 73, 74, 75, 76, 77, 78, 79, 81, 90, 91, 95, 225, 327, 379, 427, 441, 447, 453, 457, 467, 490, 709, 736, 750, 786, 796, 807, 845, 967, 1111, 1124, 1219, 1255, 1401, 1402, 1446, 1447, 1463, 1464, 1472, 1473, 1481, 1482, 1489, 1506, 1526, 1561, 1568, 1582, 1599, 1605, 1621, 1622, 1637, 1638, 1675, 1676, 1752, 1814, 1820, 1827, 1905, 1948], "summary": {"covered_lines": 93, "num_statements": 1574, "percent_covered": 5.90851334180432, "percent_covered_display": "6", "missing_lines": 1481, "excluded_lines": 6}, "missing_lines": [14, 15, 16, 17, 18, 19, 20, 21, 22, 82, 83, 84, 96, 97, 100, 103, 104, 105, 106, 107, 108, 109, 110, 111, 112, 115, 116, 117, 118, 119, 122, 123, 124, 125, 126, 129, 130, 131, 132, 133, 134, 135, 136, 137, 138, 139, 140, 141, 142, 143, 144, 145, 146, 147, 148, 149, 150, 151, 152, 153, 154, 155, 156, 157, 158, 159, 160, 161, 162, 163, 164, 165, 166, 167, 168, 169, 170, 171, 172, 173, 174, 175, 176, 177, 178, 179, 180, 181, 182, 183, 184, 185, 186, 189, 190, 191, 194, 195, 206, 217, 218, 219, 220, 221, 240, 241, 242, 243, 245, 246, 248, 249, 250, 252, 253, 254, 255, 257, 258, 259, 261, 262, 264, 267, 269, 270, 271, 272, 274, 276, 277, 278, 280, 281, 282, 283, 284, 285, 286, 287, 289, 290, 291, 292, 293, 294, 295, 296, 298, 299, 300, 302, 303, 304, 310, 311, 312, 313, 314, 315, 316, 317, 318, 319, 320, 321, 322, 323, 325, 333, 334, 335, 336, 337, 338, 339, 340, 341, 342, 343, 344, 346, 347, 349, 350, 351, 353, 354, 355, 356, 357, 365, 366, 367, 368, 376, 377, 380, 381, 382, 383, 384, 385, 386, 387, 388, 389, 390, 391, 392, 393, 394, 395, 396, 397, 398, 399, 400, 401, 402, 403, 404, 405, 406, 407, 408, 409, 410, 411, 412, 413, 414, 415, 416, 417, 418, 419, 420, 421, 422, 423, 428, 429, 430, 431, 432, 433, 434, 435, 436, 437, 438, 439, 442, 443, 444, 445, 448, 449, 450, 451, 454, 459, 460, 461, 462, 463, 468, 469, 471, 472, 473, 474, 475, 476, 477, 478, 479, 481, 482, 484, 485, 486, 494, 495, 497, 499, 500, 502, 503, 504, 505, 506, 507, 509, 510, 511, 513, 514, 515, 516, 518, 519, 521, 522, 523, 524, 525, 526, 528, 530, 532, 533, 534, 535, 536, 538, 539, 541, 542, 543, 544, 545, 551, 553, 554, 555, 557, 558, 559, 560, 562, 563, 564, 565, 566, 567, 568, 569, 570, 571, 572, 573, 583, 585, 586, 587, 588, 589, 590, 591, 592, 594, 595, 596, 598, 599, 601, 602, 604, 605, 607, 608, 610, 611, 613, 614, 615, 616, 618, 619, 620, 621, 622, 623, 624, 625, 631, 632, 634, 635, 637, 638, 640, 641, 642, 643, 644, 645, 646, 647, 648, 649, 651, 652, 653, 654, 655, 656, 657, 659, 660, 661, 662, 663, 664, 665, 666, 667, 668, 669, 670, 671, 672, 673, 674, 675, 676, 677, 678, 679, 680, 681, 682, 683, 684, 685, 686, 687, 688, 689, 690, 691, 692, 693, 694, 696, 697, 698, 699, 701, 703, 704, 706, 707, 717, 718, 719, 720, 722, 723, 724, 725, 726, 727, 728, 729, 730, 731, 732, 734, 737, 738, 739, 740, 741, 742, 743, 744, 745, 746, 767, 768, 769, 770, 771, 772, 774, 775, 776, 777, 778, 779, 780, 782, 783, 784, 787, 788, 789, 790, 791, 792, 793, 794, 797, 798, 799, 800, 801, 802, 803, 804, 805, 808, 809, 810, 811, 812, 813, 814, 815, 816, 817, 818, 819, 820, 821, 822, 824, 825, 826, 827, 828, 829, 837, 846, 847, 848, 849, 850, 851, 852, 854, 855, 856, 858, 859, 860, 862, 863, 864, 865, 866, 867, 868, 870, 871, 872, 873, 874, 875, 876, 878, 879, 880, 881, 882, 883, 884, 885, 886, 888, 889, 890, 891, 892, 893, 894, 895, 896, 897, 898, 899, 900, 901, 902, 904, 905, 906, 908, 909, 910, 911, 912, 913, 914, 916, 917, 919, 920, 921, 922, 923, 925, 926, 927, 929, 930, 931, 932, 934, 935, 936, 937, 938, 939, 941, 942, 943, 945, 946, 947, 948, 949, 951, 952, 953, 955, 957, 958, 959, 960, 961, 962, 963, 986, 987, 988, 989, 990, 991, 992, 993, 995, 996, 997, 998, 999, 1000, 1001, 1002, 1003, 1005, 1006, 1007, 1008, 1009, 1011, 1012, 1013, 1014, 1015, 1016, 1017, 1019, 1020, 1021, 1022, 1023, 1024, 1025, 1027, 1028, 1029, 1030, 1031, 1032, 1033, 1035, 1036, 1037, 1038, 1039, 1040, 1041, 1042, 1043, 1044, 1046, 1050, 1051, 1052, 1053, 1054, 1056, 1057, 1058, 1059, 1060, 1062, 1063, 1064, 1065, 1066, 1067, 1068, 1069, 1070, 1071, 1072, 1073, 1074, 1075, 1076, 1077, 1079, 1080, 1081, 1082, 1084, 1097, 1098, 1099, 1109, 1112, 1113, 1114, 1115, 1116, 1117, 1118, 1119, 1120, 1121, 1122, 1135, 1136, 1137, 1138, 1139, 1141, 1142, 1143, 1144, 1145, 1147, 1148, 1149, 1150, 1152, 1153, 1154, 1155, 1157, 1158, 1159, 1161, 1162, 1163, 1164, 1166, 1167, 1168, 1169, 1171, 1172, 1173, 1174, 1177, 1178, 1179, 1180, 1181, 1182, 1184, 1185, 1186, 1187, 1189, 1190, 1191, 1192, 1193, 1195, 1196, 1198, 1199, 1201, 1202, 1203, 1204, 1206, 1214, 1215, 1216, 1217, 1220, 1221, 1222, 1223, 1224, 1225, 1226, 1227, 1228, 1229, 1230, 1232, 1233, 1234, 1235, 1236, 1238, 1239, 1240, 1242, 1243, 1244, 1245, 1247, 1248, 1249, 1250, 1251, 1252, 1253, 1256, 1257, 1258, 1260, 1261, 1262, 1263, 1264, 1265, 1266, 1267, 1268, 1270, 1272, 1273, 1274, 1275, 1276, 1277, 1278, 1279, 1280, 1281, 1282, 1284, 1285, 1287, 1288, 1289, 1291, 1292, 1293, 1294, 1295, 1296, 1297, 1298, 1299, 1301, 1302, 1303, 1305, 1306, 1307, 1308, 1309, 1310, 1311, 1312, 1313, 1315, 1316, 1317, 1318, 1319, 1320, 1322, 1323, 1324, 1325, 1326, 1327, 1328, 1329, 1330, 1332, 1333, 1334, 1335, 1336, 1337, 1338, 1339, 1340, 1342, 1343, 1344, 1345, 1346, 1347, 1348, 1349, 1350, 1351, 1352, 1353, 1355, 1356, 1357, 1358, 1359, 1360, 1361, 1362, 1363, 1364, 1365, 1366, 1367, 1368, 1370, 1371, 1372, 1374, 1375, 1376, 1377, 1378, 1379, 1380, 1381, 1382, 1383, 1384, 1385, 1386, 1387, 1388, 1389, 1390, 1391, 1392, 1393, 1395, 1396, 1397, 1399, 1403, 1404, 1405, 1406, 1407, 1408, 1409, 1410, 1411, 1412, 1413, 1414, 1415, 1416, 1417, 1419, 1420, 1421, 1422, 1423, 1424, 1425, 1426, 1427, 1428, 1429, 1430, 1431, 1432, 1433, 1434, 1435, 1436, 1438, 1439, 1440, 1441, 1442, 1443, 1444, 1448, 1449, 1450, 1451, 1452, 1453, 1454, 1455, 1456, 1457, 1458, 1459, 1460, 1461, 1465, 1466, 1467, 1468, 1469, 1470, 1474, 1475, 1476, 1477, 1478, 1479, 1483, 1484, 1485, 1491, 1492, 1493, 1494, 1495, 1496, 1497, 1499, 1500, 1501, 1502, 1504, 1507, 1508, 1509, 1510, 1511, 1512, 1513, 1514, 1515, 1516, 1517, 1518, 1519, 1520, 1521, 1522, 1523, 1524, 1527, 1528, 1529, 1530, 1531, 1532, 1533, 1534, 1535, 1536, 1537, 1538, 1539, 1540, 1541, 1542, 1543, 1544, 1545, 1546, 1547, 1548, 1549, 1550, 1551, 1552, 1553, 1554, 1555, 1556, 1558, 1559, 1562, 1563, 1564, 1565, 1566, 1569, 1570, 1571, 1572, 1573, 1574, 1576, 1577, 1578, 1579, 1580, 1583, 1584, 1585, 1586, 1587, 1588, 1589, 1590, 1591, 1592, 1593, 1594, 1595, 1596, 1597, 1600, 1601, 1602, 1603, 1606, 1607, 1608, 1609, 1610, 1611, 1612, 1613, 1614, 1615, 1616, 1617, 1623, 1624, 1625, 1626, 1627, 1628, 1629, 1630, 1631, 1635, 1639, 1640, 1641, 1642, 1643, 1644, 1646, 1647, 1648, 1649, 1650, 1651, 1653, 1654, 1655, 1656, 1657, 1658, 1659, 1660, 1661, 1662, 1663, 1664, 1665, 1667, 1668, 1669, 1673, 1684, 1685, 1686, 1688, 1689, 1690, 1691, 1692, 1693, 1694, 1695, 1696, 1697, 1698, 1700, 1701, 1702, 1703, 1705, 1706, 1707, 1708, 1709, 1710, 1711, 1712, 1721, 1722, 1724, 1725, 1726, 1728, 1729, 1730, 1731, 1732, 1733, 1734, 1736, 1737, 1738, 1740, 1741, 1742, 1743, 1744, 1745, 1746, 1748, 1770, 1771, 1772, 1773, 1774, 1775, 1776, 1777, 1779, 1780, 1781, 1782, 1798, 1799, 1801, 1802, 1803, 1804, 1805, 1806, 1807, 1808, 1809, 1810, 1811, 1812, 1815, 1816, 1818, 1821, 1822, 1823, 1824, 1825, 1828, 1829, 1830, 1831, 1832, 1834, 1835, 1836, 1837, 1838, 1839, 1848, 1849, 1850, 1851, 1852, 1861, 1862, 1863, 1864, 1865, 1866, 1874, 1875, 1876, 1877, 1878, 1879, 1880, 1881, 1883, 1884, 1885, 1886, 1887, 1888, 1896, 1897, 1898, 1899, 1900, 1901, 1902, 1903, 1906, 1912, 1913, 1914, 1915, 1916, 1917, 1918, 1920, 1921, 1922, 1923, 1924, 1925, 1926, 1927, 1928, 1929, 1930, 1931, 1932, 1933, 1934, 1935, 1936, 1937, 1938, 1939, 1940, 1941, 1942, 1943, 1944, 1945, 1946, 1949, 1950, 1951, 1952, 1954, 1955, 1956, 1957, 1958, 1959, 1961, 1962, 1963, 1964, 1966, 1967, 1969, 1970, 1971, 1972, 1973, 1975, 1976, 1978, 1980, 1986, 1987, 1988, 1989, 1990, 1991, 1992, 1993, 1994, 1995, 1996, 1997, 1998, 1999, 2000, 2002, 2003, 2004, 2006, 2007, 2008, 2010, 2011, 2013, 2014, 2015, 2016, 2017, 2018, 2020, 2021, 2022, 2023, 2024, 2025, 2026, 2028, 2029, 2030, 2031, 2032, 2033, 2034, 2036, 2037, 2039, 2040, 2041, 2042, 2044, 2045, 2046, 2047, 2048, 2049, 2051, 2052, 2053, 2054, 2055, 2056, 2057, 2058, 2059, 2061, 2062, 2063, 2064, 2065, 2066, 2067, 2068, 2069, 2070, 2071, 2072, 2073, 2075, 2076, 2077, 2078, 2079, 2080, 2081, 2082, 2083, 2084, 2085, 2086, 2087, 2088, 2089, 2090, 2091, 2092, 2093, 2094, 2097, 2098, 2099, 2100, 2101, 2102, 2103, 2104, 2105, 2106, 2107, 2115, 2117, 2118, 2119, 2120, 2121, 2122, 2123, 2124, 2125, 2126, 2128, 2129, 2130, 2131, 2132, 2133, 2134, 2135, 2136, 2137, 2138, 2139, 2140, 2141], "excluded_lines": [32, 33, 34, 35, 36, 37]}, "v2/render/shader.py": {"executed_lines": [3, 5, 24, 36], "summary": {"covered_lines": 4, "num_statements": 7, "percent_covered": 57.142857142857146, "percent_covered_display": "57", "missing_lines": 3, "excluded_lines": 0}, "missing_lines": [43, 44, 45], "excluded_lines": []}, "v2/tasks/__init__.py": {"executed_lines": [1, 3, 5], "summary": {"covered_lines": 2, "num_statements": 2, "percent_covered": 100.0, "percent_covered_display": "100", "missing_lines": 0, "excluded_lines": 0}, "missing_lines": [], "excluded_lines": []}, "v2/tasks/reward/__init__.py": {"executed_lines": [1, 3, 4, 5, 15, 18, 19, 20, 21, 22, 24, 25, 26, 27, 29], "summary": {"covered_lines": 14, "num_statements": 14, "percent_covered": 100.0, "percent_covered_display": "100", "missing_lines": 0, "excluded_lines": 0}, "missing_lines": [], "excluded_lines": []}, "v2/tasks/reward/base.py": {"executed_lines": [1, 3, 5, 6, 9, 14, 15, 18, 19, 20, 22, 23, 24, 27, 28, 29, 31, 32, 33, 34, 35, 36, 37, 38, 39, 40, 41, 44, 45, 47, 49, 52, 56, 57, 59, 64, 68, 72], "summary": {"covered_lines": 31, "num_statements": 38, "percent_covered": 81.57894736842105, "percent_covered_display": "82", "missing_lines": 7, "excluded_lines": 5}, "missing_lines": [53, 60, 61, 62, 65, 66, 69], "excluded_lines": [9, 10, 11, 49, 50]}, "v2/tasks/reward/components.py": {"executed_lines": [1, 3, 5, 6, 8, 9, 12, 13, 14, 16, 17, 19, 24, 29, 35, 41, 47, 53, 61, 77, 90, 103, 124, 148, 168, 179, 191, 196, 207, 236], "summary": {"covered_lines": 28, "num_statements": 155, "percent_covered": 18.06451612903226, "percent_covered_display": "18", "missing_lines": 127, "excluded_lines": 0}, "missing_lines": [20, 21, 22, 25, 26, 30, 31, 32, 36, 37, 38, 42, 43, 44, 48, 49, 50, 54, 55, 56, 57, 58, 68, 69, 70, 71, 72, 73, 74, 84, 85, 86, 87, 97, 98, 99, 100, 110, 111, 112, 113, 114, 115, 116, 117, 118, 119, 120, 121, 132, 133, 134, 135, 136, 137, 138, 139, 140, 141, 142, 143, 144, 145, 156, 157, 158, 159, 160, 161, 162, 163, 164, 165, 175, 176, 192, 193, 197, 198, 199, 200, 201, 202, 203, 204, 208, 209, 210, 211, 212, 213, 214, 215, 216, 217, 218, 219, 220, 221, 222, 223, 225, 227, 228, 229, 230, 231, 233, 248, 249, 251, 252, 253, 254, 256, 257, 258, 259, 260, 262, 263, 264, 265, 267, 268, 269, 270], "excluded_lines": []}, "v2/tasks/reward/composite.py": {"executed_lines": [1, 3, 5, 7, 8, 11, 12, 14, 19, 23, 44, 76, 84], "summary": {"covered_lines": 12, "num_statements": 51, "percent_covered": 23.529411764705884, "percent_covered_display": "24", "missing_lines": 39, "excluded_lines": 0}, "missing_lines": [15, 16, 17, 20, 21, 24, 25, 26, 28, 29, 30, 31, 33, 34, 36, 37, 38, 39, 41, 49, 50, 51, 53, 54, 55, 56, 57, 58, 59, 60, 61, 63, 64, 65, 67, 68, 70, 71, 73], "excluded_lines": []}, "v2/tasks/reward/fastest_lap.py": {"executed_lines": [1, 3, 5, 7, 8, 11, 20, 21, 23, 41, 46, 109, 118, 128], "summary": {"covered_lines": 13, "num_statements": 71, "percent_covered": 18.309859154929576, "percent_covered_display": "18", "missing_lines": 58, "excluded_lines": 0}, "missing_lines": [32, 33, 34, 35, 36, 37, 38, 39, 42, 43, 44, 47, 48, 50, 51, 52, 53, 55, 56, 57, 59, 60, 62, 63, 65, 66, 67, 68, 69, 70, 72, 73, 74, 76, 77, 78, 79, 80, 81, 82, 83, 84, 86, 88, 90, 91, 92, 93, 94, 96, 97, 98, 100, 101, 102, 106, 114, 115], "excluded_lines": []}, "v2/tasks/reward/gaplock.py": {"executed_lines": [1, 3, 5, 6, 8, 10, 12, 13, 14, 17, 109, 110, 112, 348, 349, 358, 359, 383, 398, 417, 434, 453, 462, 473, 547, 581, 582, 587, 606, 626, 641, 649, 928, 932, 960, 1213, 1219, 1224, 1243, 1289, 1325, 1343, 1376, 1377, 1389, 1390, 1393, 1428, 1432, 1440, 1471, 1490, 1506, 1524, 1559, 1644, 1654], "summary": {"covered_lines": 56, "num_statements": 1052, "percent_covered": 5.32319391634981, "percent_covered_display": "5", "missing_lines": 996, "excluded_lines": 0}, "missing_lines": [210, 211, 212, 213, 214, 221, 222, 223, 224, 225, 226, 227, 228, 229, 230, 231, 232, 233, 234, 235, 236, 237, 238, 239, 240, 243, 244, 245, 246, 247, 248, 249, 250, 251, 252, 253, 254, 255, 256, 257, 258, 259, 260, 261, 262, 263, 264, 265, 266, 267, 268, 269, 270, 271, 272, 273, 274, 275, 276, 277, 278, 279, 280, 281, 282, 283, 284, 285, 286, 287, 292, 293, 294, 295, 296, 297, 298, 299, 301, 302, 303, 304, 305, 306, 307, 308, 309, 311, 312, 313, 314, 315, 316, 317, 318, 320, 321, 322, 323, 324, 325, 326, 328, 329, 330, 332, 340, 341, 342, 343, 346, 350, 351, 352, 353, 354, 355, 356, 360, 361, 362, 363, 364, 365, 366, 367, 368, 369, 370, 371, 373, 374, 375, 376, 377, 378, 379, 380, 381, 384, 385, 386, 387, 388, 389, 390, 391, 392, 393, 394, 395, 396, 403, 404, 405, 406, 407, 408, 409, 410, 411, 412, 413, 414, 415, 418, 419, 420, 421, 422, 423, 424, 425, 426, 427, 428, 429, 430, 431, 432, 438, 439, 441, 442, 443, 444, 445, 446, 448, 449, 450, 451, 454, 455, 456, 457, 458, 459, 460, 463, 464, 465, 466, 467, 468, 469, 471, 474, 475, 476, 477, 478, 479, 480, 481, 482, 483, 484, 486, 489, 490, 501, 502, 503, 504, 505, 506, 507, 518, 519, 520, 521, 522, 523, 532, 542, 543, 544, 545, 548, 549, 550, 551, 552, 553, 554, 555, 556, 557, 558, 559, 560, 561, 562, 563, 564, 565, 576, 577, 578, 579, 583, 584, 585, 588, 589, 590, 591, 592, 593, 594, 595, 596, 597, 598, 599, 600, 601, 602, 603, 604, 607, 608, 609, 610, 611, 612, 613, 614, 615, 616, 617, 618, 619, 620, 621, 622, 623, 624, 627, 628, 629, 631, 632, 633, 634, 635, 636, 637, 639, 642, 643, 644, 645, 646, 647, 650, 651, 652, 653, 654, 655, 656, 658, 660, 661, 662, 664, 665, 666, 667, 668, 670, 671, 672, 673, 675, 676, 678, 679, 680, 681, 682, 683, 684, 685, 692, 693, 694, 696, 698, 699, 704, 705, 707, 708, 709, 714, 715, 717, 718, 720, 721, 722, 723, 724, 725, 726, 727, 728, 730, 731, 732, 738, 746, 747, 748, 749, 750, 751, 752, 753, 754, 755, 757, 759, 760, 761, 762, 763, 764, 765, 766, 767, 768, 769, 770, 771, 772, 773, 774, 776, 778, 779, 780, 782, 783, 784, 786, 787, 788, 789, 790, 791, 792, 793, 795, 796, 797, 798, 799, 800, 801, 802, 803, 804, 805, 807, 808, 810, 811, 812, 813, 814, 815, 817, 819, 820, 829, 831, 832, 833, 834, 835, 841, 842, 843, 844, 846, 847, 848, 849, 850, 851, 852, 853, 854, 855, 856, 857, 859, 860, 861, 862, 863, 864, 865, 866, 867, 868, 869, 870, 871, 872, 873, 874, 875, 876, 887, 888, 900, 901, 902, 903, 904, 905, 906, 907, 908, 909, 910, 912, 913, 915, 916, 917, 919, 920, 921, 922, 923, 929, 930, 940, 941, 942, 943, 944, 945, 946, 947, 949, 950, 951, 952, 954, 955, 956, 957, 958, 973, 974, 975, 976, 977, 978, 980, 981, 982, 983, 984, 985, 987, 988, 989, 990, 991, 992, 993, 995, 996, 997, 1000, 1001, 1002, 1003, 1004, 1005, 1007, 1008, 1009, 1010, 1012, 1013, 1014, 1015, 1016, 1017, 1018, 1020, 1021, 1022, 1023, 1024, 1025, 1026, 1027, 1028, 1029, 1030, 1031, 1032, 1035, 1036, 1037, 1038, 1039, 1040, 1041, 1042, 1043, 1044, 1045, 1047, 1048, 1055, 1063, 1064, 1067, 1068, 1069, 1070, 1072, 1073, 1074, 1075, 1076, 1077, 1078, 1079, 1081, 1083, 1084, 1085, 1086, 1087, 1088, 1089, 1091, 1092, 1093, 1094, 1095, 1097, 1098, 1099, 1100, 1102, 1103, 1104, 1105, 1107, 1108, 1109, 1110, 1111, 1113, 1114, 1115, 1116, 1117, 1118, 1120, 1121, 1122, 1123, 1124, 1125, 1126, 1127, 1128, 1129, 1131, 1132, 1133, 1134, 1136, 1137, 1138, 1144, 1149, 1150, 1151, 1153, 1154, 1155, 1156, 1157, 1158, 1160, 1161, 1162, 1163, 1165, 1167, 1168, 1169, 1171, 1172, 1174, 1182, 1183, 1184, 1185, 1186, 1187, 1188, 1190, 1191, 1194, 1195, 1196, 1197, 1198, 1199, 1200, 1201, 1202, 1203, 1204, 1205, 1206, 1207, 1208, 1209, 1210, 1211, 1214, 1215, 1217, 1220, 1221, 1222, 1225, 1226, 1227, 1228, 1229, 1231, 1232, 1233, 1235, 1236, 1237, 1238, 1239, 1240, 1241, 1244, 1245, 1246, 1247, 1248, 1249, 1250, 1251, 1252, 1253, 1254, 1255, 1257, 1258, 1259, 1260, 1261, 1262, 1263, 1264, 1265, 1266, 1267, 1268, 1269, 1270, 1271, 1272, 1273, 1274, 1275, 1276, 1277, 1278, 1279, 1280, 1281, 1295, 1296, 1297, 1298, 1299, 1300, 1301, 1302, 1303, 1304, 1306, 1307, 1308, 1309, 1310, 1311, 1312, 1313, 1314, 1315, 1316, 1317, 1318, 1319, 1320, 1321, 1322, 1323, 1326, 1327, 1328, 1329, 1330, 1331, 1332, 1333, 1334, 1350, 1351, 1352, 1353, 1354, 1355, 1356, 1357, 1358, 1359, 1360, 1361, 1362, 1363, 1364, 1378, 1379, 1380, 1381, 1382, 1383, 1384, 1385, 1386, 1387, 1391, 1400, 1401, 1403, 1404, 1405, 1406, 1408, 1409, 1410, 1411, 1412, 1414, 1415, 1416, 1417, 1419, 1420, 1421, 1422, 1423, 1424, 1426, 1429, 1430, 1433, 1434, 1435, 1436, 1437, 1438, 1448, 1449, 1450, 1451, 1452, 1453, 1454, 1455, 1457, 1459, 1460, 1461, 1462, 1464, 1465, 1466, 1467, 1468, 1472, 1473, 1474, 1476, 1477, 1478, 1479, 1480, 1481, 1482, 1484, 1485, 1486, 1487, 1491, 1492, 1493, 1495, 1496, 1497, 1498, 1499, 1500, 1501, 1502, 1503, 1507, 1508, 1509, 1510, 1511, 1512, 1513, 1514, 1515, 1516, 1517, 1518, 1519, 1520, 1521, 1525, 1526, 1527, 1529, 1530, 1532, 1533, 1535, 1536, 1537, 1538, 1539, 1540, 1542, 1543, 1544, 1546, 1547, 1548, 1549, 1551, 1552, 1553, 1554, 1556, 1564, 1566, 1567, 1568, 1569, 1570, 1571, 1572, 1573, 1574, 1575, 1576, 1577, 1578, 1579, 1580, 1581, 1582, 1584, 1585, 1586, 1587, 1588, 1589, 1590, 1591, 1592, 1594, 1595, 1596, 1597, 1598, 1599, 1600, 1601, 1603, 1604, 1605, 1606, 1607, 1608, 1609, 1610, 1611, 1612, 1614, 1616, 1617, 1618, 1619, 1620, 1626, 1627, 1628, 1629, 1630, 1631, 1632, 1633, 1635, 1636, 1637, 1639, 1641], "excluded_lines": []}, "v2/tasks/reward/kamikaze.py": {"executed_lines": [1, 3, 5, 6, 8, 10, 11, 12, 15, 35, 36, 37, 39, 41, 45, 48, 57, 58, 60, 62, 103, 110, 125, 126, 137, 138, 162, 262, 271, 282], "summary": {"covered_lines": 27, "num_statements": 163, "percent_covered": 16.56441717791411, "percent_covered_display": "17", "missing_lines": 136, "excluded_lines": 0}, "missing_lines": [42, 43, 46, 49, 50, 51, 52, 53, 54, 82, 83, 84, 85, 86, 87, 88, 89, 90, 91, 92, 93, 94, 95, 96, 97, 98, 99, 100, 101, 104, 105, 106, 107, 108, 114, 115, 116, 117, 118, 119, 120, 121, 122, 123, 127, 128, 129, 130, 131, 132, 133, 134, 135, 139, 140, 141, 142, 143, 144, 145, 146, 147, 148, 149, 150, 151, 152, 153, 154, 155, 156, 157, 158, 159, 160, 163, 164, 165, 167, 168, 170, 171, 173, 174, 175, 176, 177, 178, 179, 181, 183, 188, 189, 190, 191, 192, 193, 194, 195, 196, 197, 198, 200, 207, 209, 216, 217, 218, 219, 220, 222, 227, 228, 229, 230, 231, 232, 234, 240, 241, 242, 244, 245, 246, 247, 248, 250, 251, 253, 254, 255, 256, 257, 259, 267, 268], "excluded_lines": []}, "v2/tasks/reward/presets.py": {"executed_lines": [1, 3, 5, 8, 80, 100], "summary": {"covered_lines": 5, "num_statements": 20, "percent_covered": 25.0, "percent_covered_display": "25", "missing_lines": 15, "excluded_lines": 0}, "missing_lines": [83, 84, 85, 86, 87, 88, 89, 90, 91, 92, 93, 94, 95, 96, 97], "excluded_lines": []}, "v2/tasks/reward/progress.py": {"executed_lines": [1, 3, 5, 6, 8, 10, 16, 17, 31, 34, 53, 73, 74, 75, 77, 78, 79, 80, 81, 82, 83, 84, 85, 86, 87, 88, 89, 91, 106, 115, 126, 127, 129, 202, 310, 324, 334], "summary": {"covered_lines": 35, "num_statements": 157, "percent_covered": 22.29299363057325, "percent_covered_display": "22", "missing_lines": 122, "excluded_lines": 0}, "missing_lines": [94, 95, 96, 97, 98, 100, 101, 102, 103, 104, 109, 110, 111, 112, 113, 118, 119, 120, 122, 123, 150, 151, 152, 153, 154, 155, 156, 157, 158, 159, 160, 161, 162, 163, 164, 165, 166, 167, 172, 173, 174, 175, 176, 177, 178, 179, 180, 181, 182, 183, 184, 186, 187, 188, 189, 190, 191, 192, 193, 194, 195, 196, 197, 198, 199, 200, 203, 204, 206, 207, 208, 210, 211, 213, 214, 215, 216, 222, 223, 225, 226, 228, 230, 231, 233, 234, 241, 242, 250, 251, 259, 260, 262, 263, 265, 266, 268, 269, 271, 272, 274, 275, 276, 283, 284, 285, 286, 287, 288, 289, 296, 297, 298, 299, 300, 307, 315, 316, 317, 319, 320, 321], "excluded_lines": []}, "v2/tasks/reward/registry.py": {"executed_lines": [1, 3, 5, 6, 8, 9, 12, 13, 16, 17, 18, 20, 21, 22, 23, 24, 25, 28, 29, 31, 32, 33, 35, 36, 37, 40, 41, 42, 43, 47, 49, 63, 67, 76, 79, 83, 107, 140, 194, 197, 198, 201, 211], "summary": {"covered_lines": 40, "num_statements": 123, "percent_covered": 32.520325203252035, "percent_covered_display": "33", "missing_lines": 83, "excluded_lines": 0}, "missing_lines": [38, 44, 50, 51, 52, 54, 56, 57, 58, 59, 60, 61, 64, 65, 73, 74, 77, 80, 89, 91, 92, 93, 95, 96, 97, 98, 100, 101, 102, 104, 112, 113, 114, 115, 116, 117, 119, 120, 122, 123, 125, 126, 127, 128, 129, 130, 132, 148, 149, 151, 152, 153, 154, 155, 157, 158, 160, 161, 162, 163, 165, 166, 167, 168, 169, 170, 172, 173, 174, 175, 176, 177, 179, 183, 184, 186, 187, 188, 189, 191, 206, 207, 208], "excluded_lines": []}, "v2/utils/__init__.py": {"executed_lines": [0], "summary": {"covered_lines": 0, "num_statements": 0, "percent_covered": 100.0, "percent_covered_display": "100", "missing_lines": 0, "excluded_lines": 0}, "missing_lines": [], "excluded_lines": []}, "v2/utils/centerline.py": {"executed_lines": [1, 3, 5, 6, 8, 11, 12, 13, 14, 15, 16, 17, 20, 86, 100], "summary": {"covered_lines": 14, "num_statements": 80, "percent_covered": 17.5, "percent_covered_display": "18", "missing_lines": 66, "excluded_lines": 0}, "missing_lines": [42, 43, 45, 46, 47, 49, 50, 52, 53, 54, 55, 56, 57, 58, 60, 62, 63, 64, 66, 68, 69, 70, 72, 73, 74, 75, 77, 89, 90, 92, 93, 94, 95, 96, 97, 118, 119, 120, 121, 122, 123, 125, 126, 127, 129, 130, 131, 132, 133, 135, 136, 137, 138, 139, 140, 141, 143, 144, 146, 147, 148, 149, 150, 151, 152, 153], "excluded_lines": []}, "v2/utils/map_loader.py": {"executed_lines": [], "summary": {"covered_lines": 0, "num_statements": 216, "percent_covered": 0.0, "percent_covered_display": "0", "missing_lines": 216, "excluded_lines": 0}, "missing_lines": [2, 4, 5, 6, 8, 9, 10, 13, 14, 15, 16, 17, 18, 19, 20, 21, 22, 25, 28, 29, 30, 32, 33, 35, 36, 37, 38, 40, 41, 42, 44, 45, 46, 47, 48, 49, 50, 51, 52, 54, 55, 56, 57, 59, 60, 62, 63, 65, 67, 68, 69, 70, 71, 72, 73, 75, 76, 78, 79, 80, 81, 82, 83, 85, 86, 88, 89, 91, 93, 99, 100, 101, 102, 103, 105, 106, 107, 117, 118, 119, 120, 121, 122, 123, 124, 125, 126, 127, 128, 129, 130, 131, 133, 135, 136, 138, 139, 140, 141, 142, 143, 144, 145, 146, 147, 149, 151, 152, 153, 155, 156, 157, 158, 159, 164, 165, 166, 167, 168, 169, 171, 173, 184, 185, 186, 187, 189, 191, 192, 193, 194, 195, 196, 197, 200, 201, 202, 203, 205, 206, 207, 209, 210, 211, 213, 214, 215, 216, 218, 219, 220, 221, 223, 225, 226, 227, 228, 229, 230, 232, 233, 234, 235, 244, 245, 246, 247, 248, 249, 250, 251, 253, 254, 255, 256, 257, 259, 260, 261, 263, 264, 265, 266, 267, 268, 269, 270, 271, 272, 273, 274, 275, 276, 277, 278, 279, 280, 281, 282, 283, 284, 285, 288, 289, 290, 291, 292, 293, 294, 295, 296, 297, 298, 299, 300, 301], "excluded_lines": []}, "v2/utils/reward_utils.py": {"executed_lines": [1, 3, 5, 6, 7, 9, 12, 13, 14, 15, 16, 17, 18, 21], "summary": {"covered_lines": 13, "num_statements": 48, "percent_covered": 27.083333333333332, "percent_covered_display": "27", "missing_lines": 35, "excluded_lines": 0}, "missing_lines": [28, 29, 30, 31, 32, 33, 34, 36, 37, 38, 39, 40, 41, 42, 44, 45, 46, 47, 48, 49, 50, 51, 53, 54, 55, 56, 57, 58, 60, 61, 62, 63, 64, 66, 67], "excluded_lines": []}, "v2/utils/torch_io.py": {"executed_lines": [1, 2, 4, 5, 7, 10, 37, 71], "summary": {"covered_lines": 7, "num_statements": 41, "percent_covered": 17.073170731707318, "percent_covered_display": "17", "missing_lines": 34, "excluded_lines": 0}, "missing_lines": [20, 21, 22, 25, 26, 28, 30, 31, 32, 34, 40, 41, 42, 43, 44, 45, 47, 48, 49, 51, 52, 53, 54, 55, 56, 57, 58, 59, 60, 63, 64, 66, 67, 68], "excluded_lines": []}, "v2/wrappers/__init__.py": {"executed_lines": [1, 3, 4, 6], "summary": {"covered_lines": 3, "num_statements": 3, "percent_covered": 100.0, "percent_covered_display": "100", "missing_lines": 0, "excluded_lines": 0}, "missing_lines": [], "excluded_lines": []}, "v2/wrappers/action.py": {"executed_lines": [], "summary": {"covered_lines": 0, "num_statements": 179, "percent_covered": 0.0, "percent_covered_display": "0", "missing_lines": 179, "excluded_lines": 0}, "missing_lines": [3, 5, 7, 9, 12, 15, 16, 17, 18, 19, 21, 22, 23, 25, 26, 27, 28, 29, 30, 31, 33, 34, 37, 40, 51, 52, 53, 54, 55, 56, 57, 58, 59, 60, 61, 62, 65, 66, 67, 69, 70, 71, 72, 73, 75, 76, 77, 78, 79, 80, 82, 83, 84, 85, 86, 87, 89, 90, 91, 92, 93, 94, 95, 98, 101, 106, 107, 108, 109, 110, 111, 112, 114, 115, 116, 118, 119, 121, 122, 123, 124, 125, 126, 127, 128, 130, 131, 132, 133, 134, 136, 143, 144, 145, 146, 147, 148, 149, 151, 152, 153, 154, 155, 156, 157, 158, 160, 161, 162, 164, 165, 166, 167, 169, 170, 171, 173, 174, 175, 176, 178, 179, 181, 182, 183, 184, 187, 188, 189, 190, 191, 192, 193, 196, 199, 209, 210, 211, 212, 213, 214, 215, 216, 217, 218, 219, 220, 221, 222, 224, 225, 226, 227, 228, 229, 230, 231, 232, 234, 235, 236, 237, 239, 240, 241, 242, 244, 245, 246, 247, 248, 249, 250, 251, 252, 254, 255, 256, 258], "excluded_lines": []}, "v2/wrappers/common.py": {"executed_lines": [1, 2, 4, 6, 9, 12, 41, 49], "summary": {"covered_lines": 7, "num_statements": 29, "percent_covered": 24.137931034482758, "percent_covered_display": "24", "missing_lines": 22, "excluded_lines": 0}, "missing_lines": [33, 34, 35, 36, 37, 38, 44, 45, 46, 58, 59, 60, 62, 63, 65, 66, 68, 69, 70, 72, 73, 74], "excluded_lines": []}, "v2/wrappers/observation.py": {"executed_lines": [1, 3, 4, 6, 8, 9, 16, 21, 23, 33, 36, 41, 54, 77, 80, 82, 83, 84, 86, 89, 90, 91, 93, 94, 95, 96, 97, 100, 101, 103, 117, 138, 151, 152, 154, 188, 216, 228, 270, 334, 360, 497, 647, 659, 708, 709, 738, 739, 749, 750, 761, 762, 774, 775, 814, 815, 828, 829, 856, 857, 900, 901, 952, 953, 981, 982, 992], "summary": {"covered_lines": 64, "num_statements": 617, "percent_covered": 10.372771474878444, "percent_covered_display": "10", "missing_lines": 553, "excluded_lines": 0}, "missing_lines": [37, 38, 42, 43, 44, 45, 46, 47, 48, 49, 50, 51, 55, 56, 57, 58, 59, 61, 62, 64, 65, 66, 67, 68, 69, 70, 71, 72, 73, 74, 110, 111, 112, 113, 114, 115, 123, 124, 125, 126, 127, 128, 129, 130, 131, 132, 133, 134, 135, 136, 139, 140, 141, 142, 143, 144, 145, 146, 147, 148, 167, 168, 169, 170, 171, 173, 175, 176, 177, 178, 180, 181, 183, 185, 196, 197, 198, 200, 201, 202, 203, 205, 206, 207, 208, 209, 211, 212, 213, 217, 218, 219, 221, 222, 223, 224, 225, 226, 229, 230, 232, 233, 234, 235, 236, 237, 238, 239, 240, 241, 242, 243, 244, 245, 246, 247, 248, 249, 250, 251, 252, 254, 256, 258, 259, 260, 262, 271, 273, 286, 295, 304, 313, 322, 323, 332, 341, 342, 343, 345, 346, 347, 349, 351, 352, 353, 354, 355, 357, 361, 362, 363, 364, 366, 367, 368, 369, 371, 372, 373, 374, 376, 377, 378, 379, 380, 381, 382, 383, 384, 385, 386, 387, 388, 389, 390, 391, 392, 393, 394, 395, 396, 397, 398, 399, 400, 401, 402, 403, 404, 405, 406, 407, 408, 409, 410, 411, 412, 413, 414, 415, 416, 417, 418, 420, 421, 422, 423, 424, 425, 426, 427, 428, 430, 431, 432, 433, 434, 435, 436, 437, 438, 439, 440, 441, 442, 443, 444, 445, 446, 448, 449, 451, 453, 454, 455, 456, 457, 458, 460, 461, 462, 464, 465, 467, 468, 469, 470, 471, 472, 473, 474, 475, 476, 477, 479, 503, 504, 505, 506, 508, 509, 510, 512, 513, 515, 516, 522, 523, 525, 527, 529, 530, 531, 532, 533, 534, 535, 536, 537, 538, 540, 541, 542, 543, 544, 545, 546, 547, 548, 549, 551, 552, 553, 554, 555, 556, 557, 558, 559, 560, 562, 563, 565, 566, 567, 568, 569, 570, 571, 572, 574, 575, 576, 577, 578, 580, 581, 582, 583, 584, 585, 586, 587, 588, 589, 590, 591, 592, 593, 595, 596, 597, 598, 599, 600, 601, 602, 603, 604, 605, 606, 607, 608, 609, 610, 611, 612, 613, 615, 616, 617, 618, 620, 621, 622, 623, 624, 625, 626, 627, 628, 629, 631, 632, 633, 635, 636, 637, 638, 639, 640, 653, 654, 655, 656, 667, 668, 669, 670, 672, 673, 674, 676, 677, 678, 679, 680, 681, 682, 683, 685, 686, 688, 689, 690, 691, 692, 693, 694, 695, 696, 697, 698, 700, 702, 703, 705, 716, 717, 718, 719, 720, 721, 723, 724, 725, 727, 728, 729, 731, 732, 733, 735, 746, 757, 758, 769, 770, 771, 782, 783, 784, 785, 786, 788, 789, 790, 792, 794, 795, 796, 797, 798, 799, 801, 802, 803, 804, 805, 806, 807, 808, 809, 811, 822, 823, 824, 825, 836, 837, 838, 839, 840, 842, 843, 844, 846, 847, 848, 849, 850, 851, 853, 864, 865, 867, 868, 869, 870, 872, 873, 874, 876, 877, 878, 879, 880, 881, 883, 884, 885, 886, 887, 888, 889, 890, 891, 893, 895, 896, 897, 908, 909, 910, 912, 913, 914, 915, 917, 918, 919, 920, 922, 923, 924, 925, 927, 928, 929, 930, 931, 933, 934, 935, 936, 937, 938, 940, 941, 942, 943, 945, 946, 947, 949, 960, 961, 963, 964, 965, 966, 968, 969, 970, 972, 973, 974, 975, 976, 978, 989, 990], "excluded_lines": []}, "v2/wrappers/reward.py": {"executed_lines": [1, 3, 5, 7, 15, 16, 18, 42, 43, 63, 72, 132, 135, 136, 140], "summary": {"covered_lines": 13, "num_statements": 68, "percent_covered": 19.11764705882353, "percent_covered_display": "19", "missing_lines": 55, "excluded_lines": 0}, "missing_lines": [24, 25, 26, 29, 31, 32, 33, 34, 35, 36, 38, 39, 40, 44, 45, 46, 47, 48, 49, 50, 51, 52, 53, 54, 55, 56, 57, 58, 64, 65, 66, 67, 84, 86, 87, 88, 90, 91, 92, 94, 95, 97, 98, 100, 102, 116, 117, 119, 120, 121, 125, 126, 127, 133, 137], "excluded_lines": []}}, "totals": {"covered_lines": 1219, "num_statements": 10377, "percent_covered": 11.747133082779223, "percent_covered_display": "12", "missing_lines": 9158, "excluded_lines": 20}}